<?xml version="1.0" encoding="UTF-8"?>
<!-- Generated by org.testng.reporters.JUnitXMLReporter -->
<testsuite ignored="1" hostname="DESKTOP-VN06GLD" failures="0" tests="1" name="Default test" time="73.748" errors="0" timestamp="2023-11-24T10:25:38 IST">
  <testcase classname="com.qa.test.ambertask" name="Validate_title_and_location_of_property" time="53.497"/>
  <testcase classname="com.qa.test.ambertask" name="Bonus_Task_1" time="0.0">
    <ignored/>
  </testcase> <!-- Bonus_Task_1 -->
</testsuite> <!-- Default test -->
