<?xml version="1.0" encoding="UTF-8"?>
<testng-results ignored="1" total="2" passed="1" failed="0" skipped="0">
  <reporter-output>
  </reporter-output>
  <suite started-at="2023-11-24T10:24:24 IST" name="Default suite" finished-at="2023-11-24T10:25:38 IST" duration-ms="73748">
    <groups>
    </groups>
    <test started-at="2023-11-24T10:24:24 IST" name="Default test" finished-at="2023-11-24T10:25:38 IST" duration-ms="73748">
      <class name="com.qa.test.ambertask">
        <test-method is-config="true" signature="setupreports()[pri:0, instance:com.qa.test.ambertask@15bb5034]" started-at="2023-11-24T10:24:23 IST" name="setupreports" finished-at="2023-11-24T10:24:24 IST" duration-ms="833" status="PASS">
          <reporter-output>
          </reporter-output>
        </test-method> <!-- setupreports -->
        <test-method is-config="true" signature="setup1()[pri:0, instance:com.qa.test.ambertask@15bb5034]" started-at="2023-11-24T10:24:24 IST" name="setup1" finished-at="2023-11-24T10:24:31 IST" duration-ms="6713" status="PASS">
          <reporter-output>
          </reporter-output>
        </test-method> <!-- setup1 -->
        <test-method is-config="true" signature="initBrowser()[pri:0, instance:com.qa.test.ambertask@15bb5034]" started-at="2023-11-24T10:24:31 IST" name="initBrowser" finished-at="2023-11-24T10:24:42 IST" duration-ms="10686" status="PASS">
          <reporter-output>
          </reporter-output>
        </test-method> <!-- initBrowser -->
        <test-method signature="Validate_title_and_location_of_property()[pri:0, instance:com.qa.test.ambertask@15bb5034]" started-at="2023-11-24T10:24:42 IST" name="Validate_title_and_location_of_property" finished-at="2023-11-24T10:25:35 IST" duration-ms="53497" status="PASS">
          <reporter-output>
          </reporter-output>
        </test-method> <!-- Validate_title_and_location_of_property -->
        <test-method is-config="true" signature="closemethod(org.testng.ITestResult)[pri:0, instance:com.qa.test.ambertask@15bb5034]" started-at="2023-11-24T10:25:35 IST" name="closemethod" finished-at="2023-11-24T10:25:36 IST" duration-ms="909" status="PASS">
          <params>
            <param index="0">
              <value>
                <![CDATA[[TestResult name=Validate_title_and_location_of_property status=SUCCESS method=ambertask.Validate_title_and_location_of_property()[pri:0, instance:com.qa.test.ambertask@15bb5034] output={null}]]]>
              </value>
            </param>
          </params>
          <reporter-output>
          </reporter-output>
        </test-method> <!-- closemethod -->
        <test-method is-config="true" signature="teardown()[pri:0, instance:com.qa.test.ambertask@15bb5034]" started-at="2023-11-24T10:25:36 IST" name="teardown" finished-at="2023-11-24T10:25:38 IST" duration-ms="1861" status="PASS">
          <reporter-output>
          </reporter-output>
        </test-method> <!-- teardown -->
        <test-method is-config="true" signature="TearDownreports()[pri:0, instance:com.qa.test.ambertask@15bb5034]" started-at="2023-11-24T10:25:38 IST" name="TearDownreports" finished-at="2023-11-24T10:25:41 IST" duration-ms="2671" status="PASS">
          <reporter-output>
          </reporter-output>
        </test-method> <!-- TearDownreports -->
      </class> <!-- com.qa.test.ambertask -->
    </test> <!-- Default test -->
  </suite> <!-- Default suite -->
</testng-results>
