<?xml version="1.0" encoding="UTF-8"?>
<testng-results ignored="0" total="1" passed="1" failed="0" skipped="0">
  <reporter-output>
  </reporter-output>
  <suite started-at="2023-08-01T18:32:35 IST" name="Default suite" finished-at="2023-08-01T18:32:41 IST" duration-ms="5893">
    <groups>
    </groups>
    <test started-at="2023-08-01T18:32:35 IST" name="Default test" finished-at="2023-08-01T18:32:41 IST" duration-ms="5893">
      <class name="basics.basic_calls">
        <test-method signature="getdeatils()[pri:0, instance:basics.basic_calls@48f278eb]" started-at="2023-08-01T18:32:35 IST" name="getdeatils" finished-at="2023-08-01T18:32:41 IST" duration-ms="5752" status="PASS">
          <reporter-output>
          </reporter-output>
        </test-method> <!-- getdeatils -->
      </class> <!-- basics.basic_calls -->
    </test> <!-- Default test -->
  </suite> <!-- Default suite -->
</testng-results>
