<?xml version="1.0" encoding="UTF-8"?>
<testng-results ignored="0" total="3" passed="3" failed="0" skipped="0">
  <reporter-output>
  </reporter-output>
  <suite started-at="2023-07-14T16:28:26 IST" name="Default suite" finished-at="2023-07-14T16:28:27 IST" duration-ms="1192">
    <groups>
      <group name="cucumber">
        <method signature="AbstractTestNGCucumberTests.runScenario(io.cucumber.testng.PickleWrapper,io.cucumber.testng.FeatureWrapper)[pri:0, instance:Runner.hooksrunner@7db12bb6]" name="runScenario" class="io.cucumber.testng.AbstractTestNGCucumberTests"/>
      </group> <!-- cucumber -->
    </groups>
    <test started-at="2023-07-14T16:28:26 IST" name="Default test" finished-at="2023-07-14T16:28:27 IST" duration-ms="1192">
      <class name="Runner.hooksrunner">
        <test-method is-config="true" signature="setUpClass(org.testng.ITestContext)[pri:0, instance:Runner.hooksrunner@7db12bb6]" started-at="2023-07-14T16:28:26 IST" name="setUpClass" finished-at="2023-07-14T16:28:27 IST" duration-ms="714" status="PASS">
          <params>
            <param index="0">
              <value>
                <![CDATA[org.testng.TestRunner@73db4768]]>
              </value>
            </param>
          </params>
          <reporter-output>
          </reporter-output>
        </test-method> <!-- setUpClass -->
        <test-method signature="runScenario(io.cucumber.testng.PickleWrapper,io.cucumber.testng.FeatureWrapper)[pri:0, instance:Runner.hooksrunner@7db12bb6]" started-at="2023-07-14T16:28:27 IST" name="runScenario" description="Runs Cucumber Scenarios" data-provider="scenarios" finished-at="2023-07-14T16:28:27 IST" duration-ms="308" status="PASS">
          <params>
            <param index="0">
              <value>
                <![CDATA["Add profile"]]>
              </value>
            </param>
            <param index="1">
              <value>
                <![CDATA["Profile functionality"]]>
              </value>
            </param>
          </params>
          <reporter-output>
          </reporter-output>
        </test-method> <!-- runScenario -->
        <test-method signature="runScenario(io.cucumber.testng.PickleWrapper,io.cucumber.testng.FeatureWrapper)[pri:0, instance:Runner.hooksrunner@7db12bb6]" started-at="2023-07-14T16:28:27 IST" name="runScenario" description="Runs Cucumber Scenarios" data-provider="scenarios" finished-at="2023-07-14T16:28:27 IST" duration-ms="17" status="PASS">
          <params>
            <param index="0">
              <value>
                <![CDATA["Update profile"]]>
              </value>
            </param>
            <param index="1">
              <value>
                <![CDATA["Profile functionality"]]>
              </value>
            </param>
          </params>
          <reporter-output>
          </reporter-output>
        </test-method> <!-- runScenario -->
        <test-method signature="runScenario(io.cucumber.testng.PickleWrapper,io.cucumber.testng.FeatureWrapper)[pri:0, instance:Runner.hooksrunner@7db12bb6]" started-at="2023-07-14T16:28:27 IST" name="runScenario" description="Runs Cucumber Scenarios" data-provider="scenarios" finished-at="2023-07-14T16:28:27 IST" duration-ms="13" status="PASS">
          <params>
            <param index="0">
              <value>
                <![CDATA["delete profile"]]>
              </value>
            </param>
            <param index="1">
              <value>
                <![CDATA["Profile functionality"]]>
              </value>
            </param>
          </params>
          <reporter-output>
          </reporter-output>
        </test-method> <!-- runScenario -->
        <test-method is-config="true" signature="tearDownClass()[pri:0, instance:Runner.hooksrunner@7db12bb6]" started-at="2023-07-14T16:28:27 IST" name="tearDownClass" finished-at="2023-07-14T16:28:27 IST" duration-ms="3" status="PASS">
          <reporter-output>
          </reporter-output>
        </test-method> <!-- tearDownClass -->
      </class> <!-- Runner.hooksrunner -->
    </test> <!-- Default test -->
  </suite> <!-- Default suite -->
</testng-results>
