<?xml version="1.0" encoding="UTF-8"?>
<testng-results ignored="0" total="1" passed="1" failed="0" skipped="0">
  <reporter-output>
  </reporter-output>
  <suite started-at="2023-08-22T16:34:38 IST" name="Default suite" finished-at="2023-08-22T16:34:39 IST" duration-ms="1141">
    <groups>
      <group name="cucumber">
        <method signature="AbstractTestNGCucumberTests.runScenario(io.cucumber.testng.PickleWrapper,io.cucumber.testng.FeatureWrapper)[pri:0, instance:Runner.AddApi@791f145a]" name="runScenario" class="io.cucumber.testng.AbstractTestNGCucumberTests"/>
      </group> <!-- cucumber -->
    </groups>
    <test started-at="2023-08-22T16:34:38 IST" name="Default test" finished-at="2023-08-22T16:34:39 IST" duration-ms="1141">
      <class name="Runner.AddApi">
        <test-method is-config="true" signature="setUpClass(org.testng.ITestContext)[pri:0, instance:Runner.AddApi@791f145a]" started-at="2023-08-22T16:34:38 IST" name="setUpClass" finished-at="2023-08-22T16:34:38 IST" duration-ms="650" status="PASS">
          <params>
            <param index="0">
              <value>
                <![CDATA[org.testng.TestRunner@3829ac1]]>
              </value>
            </param>
          </params>
          <reporter-output>
          </reporter-output>
        </test-method> <!-- setUpClass -->
        <test-method signature="runScenario(io.cucumber.testng.PickleWrapper,io.cucumber.testng.FeatureWrapper)[pri:0, instance:Runner.AddApi@791f145a]" started-at="2023-08-22T16:34:38 IST" name="runScenario" description="Runs Cucumber Scenarios" data-provider="scenarios" finished-at="2023-08-22T16:34:39 IST" duration-ms="333" status="PASS">
          <params>
            <param index="0">
              <value>
                <![CDATA["Verify if Place Api is being successfully added using AddPlaceApi"]]>
              </value>
            </param>
            <param index="1">
              <value>
                <![CDATA["Validating Place API's"]]>
              </value>
            </param>
          </params>
          <reporter-output>
          </reporter-output>
        </test-method> <!-- runScenario -->
        <test-method is-config="true" signature="tearDownClass()[pri:0, instance:Runner.AddApi@791f145a]" started-at="2023-08-22T16:34:39 IST" name="tearDownClass" finished-at="2023-08-22T16:34:39 IST" duration-ms="6" status="PASS">
          <reporter-output>
          </reporter-output>
        </test-method> <!-- tearDownClass -->
      </class> <!-- Runner.AddApi -->
    </test> <!-- Default test -->
  </suite> <!-- Default suite -->
</testng-results>
